[joinergo.com/index.html]
[backblue.gif]
[fade.gif]
[index.html]
[joinergo.com/apple-touch-icon.png]
[joinergo.com/favicon-32x32.png]
[joinergo.com/favicon-16x16.png]
[joinergo.com/site.webmanifest]
[joinergo.com/safari-pinned-tab.4.delayed]
[joinergo.com/newergofull.png]
[joinergo.com/YCombinator.png]
[joinergo.com/delvelogo.svg]
[joinergo.com/transparentlogo.png]
[joinergo.com/splitit.webp]
[joinergo.com/stratapro.png]
[joinergo.com/salesforce.png]
[joinergo.com/attio-logo.png]
[joinergo.com/Ergo Logo.png]
[joinergo.com/googlecalendar.png]
[joinergo.com/slack.webp]
[joinergo.com/gmail.webp]
[joinergo.com/circleback.jpg]
[joinergo.com/cal.png]
[joinergo.com/avatar.png]
[joinergo.com/daksh.jpg]
[joinergo.com/newzoom.png]
[joinergo.com/index.html]
[joinergo.com/safari-pinned-tab.html]
[joinergo.com/delvelogo.svg]
[joinergo.com/hubspot.svg]
[joinergo.com/privacy-policy]
[joinergo.com/privacy-policy]
